<?xml version="1.0" encoding="UTF-8"?>
<!-- Generated by org.testng.reporters.JUnitXMLReporter -->
<testsuite ignored="2" hostname="Tushar" failures="0" tests="4" name="Test_2_Edge" time="103.58" errors="0" timestamp="2025-06-03T16:14:32 IST">
  <testcase classname="com.tek.product.ProductModule" name="productCreate" time="13.849"/>
  <testcase classname="com.tek.product.ProductModule" name="productWithStartandEndDate" time="11.821"/>
  <testcase classname="com.tek.opportunities.OpportunitiesModule" name="createopportunitiesAndRelateToContact" time="23.541"/>
  <testcase classname="com.tek.opportunities.OpportunitiesModule" name="opportunitiesAndRelateOrg" time="27.761"/>
  <testcase classname="com.tek.crm.generic.baseutility.BaseClass" name="@BeforeSuite dataBaseConnection" time="0.0">
    <ignored/>
  </testcase> <!-- @BeforeSuite dataBaseConnection -->
  <testcase classname="com.tek.crm.generic.baseutility.BaseClass" name="@AfterSuite closeDataBaseConnection" time="0.0">
    <ignored/>
  </testcase> <!-- @AfterSuite closeDataBaseConnection -->
</testsuite> <!-- Test_2_Edge -->
