<?xml version="1.0" encoding="UTF-8"?>
<!-- Generated by org.testng.reporters.JUnitXMLReporter -->
<testsuite ignored="6" hostname="Tushar" failures="0" tests="10" name="Test_1_edge" time="245.025" errors="0" timestamp="2025-06-03T16:31:56 IST">
  <testcase classname="com.tek.product.ProductModule" name="productCreate" time="12.052"/>
  <testcase classname="com.tek.product.ProductModule" name="productWithStartandEndDate" time="11.069"/>
  <testcase classname="com.tek.contact.ContactModuleTest" name="createContact" time="12.725"/>
  <testcase classname="com.tek.organization.OrgainzationModuleTest" name="createOrgainzation" time="14.214"/>
  <testcase classname="com.tek.opportunities.OpportunitiesModule" name="createopportunitiesAndRelateToContact" time="23.371"/>
  <testcase classname="com.tek.contact.ContactModuleTest" name="createContactAndRelatedToOrg" time="27.167"/>
  <testcase classname="com.tek.opportunities.OpportunitiesModule" name="opportunitiesAndRelateOrg" time="30.996"/>
  <testcase classname="com.tek.organization.OrgainzationModuleTest" name="orgWithNumber" time="17.267"/>
  <testcase classname="com.tek.contact.ContactModuleTest" name="contactWithSupportDate" time="17.942"/>
  <testcase classname="com.tek.organization.OrgainzationModuleTest" name="createOrgWithIndustryAndTypee" time="17.608"/>
  <testcase classname="com.tek.crm.generic.baseutility.BaseClass" name="@AfterSuite closeDataBaseConnection" time="0.0">
    <ignored/>
  </testcase> <!-- @AfterSuite closeDataBaseConnection -->
  <testcase classname="com.tek.crm.generic.baseutility.BaseClass" name="@BeforeSuite dataBaseConnection" time="0.0">
    <ignored/>
  </testcase> <!-- @BeforeSuite dataBaseConnection -->
  <testcase classname="com.tek.crm.generic.baseutility.BaseClass" name="@AfterSuite closeDataBaseConnection" time="0.0">
    <ignored/>
  </testcase> <!-- @AfterSuite closeDataBaseConnection -->
  <testcase classname="com.tek.crm.generic.baseutility.BaseClass" name="@AfterSuite closeDataBaseConnection" time="0.0">
    <ignored/>
  </testcase> <!-- @AfterSuite closeDataBaseConnection -->
  <testcase classname="com.tek.crm.generic.baseutility.BaseClass" name="@BeforeSuite dataBaseConnection" time="0.0">
    <ignored/>
  </testcase> <!-- @BeforeSuite dataBaseConnection -->
  <testcase classname="com.tek.crm.generic.baseutility.BaseClass" name="@BeforeSuite dataBaseConnection" time="0.0">
    <ignored/>
  </testcase> <!-- @BeforeSuite dataBaseConnection -->
</testsuite> <!-- Test_1_edge -->
