<?xml version="1.0" encoding="UTF-8"?>
<!-- Generated by org.testng.reporters.JUnitXMLReporter -->
<testsuite ignored="6" hostname="Tushar" failures="0" tests="2" name="Test" time="83.95" errors="0" timestamp="2025-05-28T14:47:33 IST">
  <testcase classname="com.tek.organization.OrgainzationModuleTest" name="createOrgainzation" time="25.696"/>
  <testcase classname="com.tek.contact.ContactModuleTest" name="createContactAndRelatedToOrg" time="40.545"/>
  <testcase classname="com.tek.organization.OrgainzationModuleTest" name="createOrgWithIndustryAndTypee" time="0.0">
    <ignored/>
  </testcase> <!-- createOrgWithIndustryAndTypee -->
  <testcase classname="com.tek.crm.generic.baseutility.BaseClass" name="@BeforeSuite dataBaseConnection" time="0.0">
    <ignored/>
  </testcase> <!-- @BeforeSuite dataBaseConnection -->
  <testcase classname="com.tek.contact.ContactModuleTest" name="createContact" time="0.0">
    <ignored/>
  </testcase> <!-- createContact -->
  <testcase classname="com.tek.crm.generic.baseutility.BaseClass" name="@AfterSuite closeDataBaseConnection" time="0.0">
    <ignored/>
  </testcase> <!-- @AfterSuite closeDataBaseConnection -->
  <testcase classname="com.tek.contact.ContactModuleTest" name="contactWithSupportDate" time="0.0">
    <ignored/>
  </testcase> <!-- contactWithSupportDate -->
  <testcase classname="com.tek.organization.OrgainzationModuleTest" name="orgWithNumber" time="0.0">
    <ignored/>
  </testcase> <!-- orgWithNumber -->
</testsuite> <!-- Test -->
