<?xml version="1.0" encoding="UTF-8"?>
<!-- Generated by org.testng.reporters.JUnitXMLReporter -->
<testsuite ignored="0" hostname="Tushar" failures="0" tests="3" name="Test_2" time="102.574" errors="0" timestamp="2025-05-28T16:22:06 IST">
  <testcase classname="com.tek.organization.OrgainzationModuleTest" name="createOrgWithIndustryAndTypee" time="23.213"/>
  <testcase classname="com.tek.organization.OrgainzationModuleTest" name="createOrgainzation" time="21.726"/>
  <testcase classname="com.tek.organization.OrgainzationModuleTest" name="orgWithNumber" time="29.845"/>
</testsuite> <!-- Test_2 -->
