<?xml version="1.0" encoding="UTF-8"?>
<!-- Generated by org.testng.reporters.JUnitXMLReporter -->
<testsuite ignored="0" hostname="Tushar" failures="0" tests="3" name="Test_1" time="99.688" errors="0" timestamp="2025-05-28T16:22:03 IST">
  <testcase classname="com.tek.organization.OrgainzationModuleTest" name="createOrgWithIndustryAndTypee" time="23.126"/>
  <testcase classname="com.tek.organization.OrgainzationModuleTest" name="createOrgainzation" time="22.259"/>
  <testcase classname="com.tek.organization.OrgainzationModuleTest" name="orgWithNumber" time="24.453"/>
</testsuite> <!-- Test_1 -->
