<?xml version="1.0" encoding="UTF-8"?>
<testng-results ignored="0" total="1" passed="1" failed="0" skipped="0">
  <reporter-output>
  </reporter-output>
  <suite started-at="2025-06-05T13:03:25 IST" name="Default suite" finished-at="2025-06-05T13:03:26 IST" duration-ms="747">
    <groups>
    </groups>
    <test started-at="2025-06-05T13:03:25 IST" name="Default test" finished-at="2025-06-05T13:03:26 IST" duration-ms="747">
      <class name="dataDrivenTesting.ExcelPracticeTest">
        <test-method signature="workingWithExcel()[pri:0, instance:dataDrivenTesting.ExcelPracticeTest@7f3b84b8]" started-at="2025-06-05T13:03:25 IST" name="workingWithExcel" finished-at="2025-06-05T13:03:26 IST" duration-ms="673" status="PASS">
          <reporter-output>
          </reporter-output>
        </test-method> <!-- workingWithExcel -->
      </class> <!-- dataDrivenTesting.ExcelPracticeTest -->
    </test> <!-- Default test -->
  </suite> <!-- Default suite -->
</testng-results>
