<?xml version="1.0" encoding="UTF-8"?>
<testng-results ignored="0" total="1" passed="1" failed="0" skipped="0">
  <reporter-output>
  </reporter-output>
  <suite started-at="2025-06-09T09:30:12 IST" name="Default suite" finished-at="2025-06-09T09:30:48 IST" duration-ms="35644">
    <groups>
    </groups>
    <test started-at="2025-06-09T09:30:12 IST" name="Default test" finished-at="2025-06-09T09:30:48 IST" duration-ms="35644">
      <class name="mocktask.FlipkartFilters">
        <test-method signature="filterAndtakeScreenshot()[pri:0, instance:mocktask.FlipkartFilters@57a3af25]" started-at="2025-06-09T09:30:12 IST" name="filterAndtakeScreenshot" finished-at="2025-06-09T09:30:48 IST" duration-ms="35571" status="PASS">
          <reporter-output>
          </reporter-output>
        </test-method> <!-- filterAndtakeScreenshot -->
      </class> <!-- mocktask.FlipkartFilters -->
    </test> <!-- Default test -->
  </suite> <!-- Default suite -->
</testng-results>
